<?xml version="1.0" encoding="UTF-8"?>
<!-- Generated by org.testng.reporters.JUnitXMLReporter -->
<testsuite ignored="1" hostname="MSI" failures="0" tests="1" name=" Resources sub-module testing" time="33.419" errors="0" timestamp="2023-09-07T13:16:27 IST">
  <testcase classname="org.testpackage.MainsTestSeriesTest" name="filterFuntionalityTest" time="27.912"/>
  <testcase classname="org.testpackage.MainsTestSeriesTest" name="functionaalityTest" time="0.0">
    <ignored/>
  </testcase> <!-- functionaalityTest -->
</testsuite> <!--  Resources sub-module testing -->
